# JRE version: OpenJDK Runtime Environment Corretto-22.0.2.9.1 (22.0.2+9) (build 22.0.2+9-FR)
# Java VM: OpenJDK 64-Bit Server VM Corretto-22.0.2.9.1 (22.0.2+9-FR, mixed mode, sharing, tiered, compressed oops, compressed class ptrs, g1 gc, windows-amd64)
GC Precious Log:
 CardTable entry size: 512
 Card Set container configuration: InlinePtr #cards 5 size 8 Array Of Cards #cards 12 size 40 Howl #buckets 4 coarsen threshold 1843 Howl Bitmap #cards 512 size 80 coarsen threshold 460 Card regions per heap region 1 cards per card region 2048
 CPUs: 8 total, 8 available
 Memory: 7916M
 Large Page Support: Disabled
 NUMA Support: Disabled
 Compressed Oops: Enabled (32-bit)
 Heap Region Size: 1M
 Heap Min Capacity: 8M
 Heap Initial Capacity: 124M
 Heap Max Capacity: 1980M
 Pre-touch: Disabled
 Parallel Workers: 8
 Concurrent Workers: 2
 Concurrent Refinement Workers: 8
 Periodic GC: Disabled
Heap:
 garbage-first heap   total reserved 2027520K, committed 86016K, used 56360K [0x0000000084400000, 0x0000000100000000)
  region size 1024K, 23 young (23552K), 3 survivors (3072K)
 Metaspace       used 71880K, committed 72576K, reserved 1114112K
  class space    used 9940K, committed 10240K, reserved 1048576K
GC Heap History (20 events):
Event: 2.690 GC heap before
{Heap before GC invocations=1 (full 0):
 garbage-first heap   total reserved 2027520K, committed 126976K, used 36352K [0x0000000084400000, 0x0000000100000000)
  region size 1024K, 22 young (22528K), 3 survivors (3072K)
 Metaspace       used 8918K, committed 9152K, reserved 1114112K
  class space    used 1049K, committed 1152K, reserved 1048576K
}
Event: 2.703 GC heap after
{Heap after GC invocations=2 (full 0):
 garbage-first heap   total reserved 2027520K, committed 126976K, used 19685K [0x0000000084400000, 0x0000000100000000)
  region size 1024K, 3 young (3072K), 3 survivors (3072K)
 Metaspace       used 8918K, committed 9152K, reserved 1114112K
  class space    used 1049K, committed 1152K, reserved 1048576K
}
Event: 4.447 GC heap before
{Heap before GC invocations=2 (full 0):
 garbage-first heap   total reserved 2027520K, committed 126976K, used 52453K [0x0000000084400000, 0x0000000100000000)
  region size 1024K, 36 young (36864K), 3 survivors (3072K)
 Metaspace       used 17243K, committed 17536K, reserved 1114112K
  class space    used 2312K, committed 2432K, reserved 1048576K
}
Event: 4.457 GC heap after
{Heap after GC invocations=3 (full 0):
 garbage-first heap   total reserved 2027520K, committed 126976K, used 21979K [0x0000000084400000, 0x0000000100000000)
  region size 1024K, 5 young (5120K), 5 survivors (5120K)
 Metaspace       used 17243K, committed 17536K, reserved 1114112K
  class space    used 2312K, committed 2432K, reserved 1048576K
}
Event: 5.108 GC heap before
{Heap before GC invocations=3 (full 0):
 garbage-first heap   total reserved 2027520K, committed 126976K, used 35291K [0x0000000084400000, 0x0000000100000000)
  region size 1024K, 19 young (19456K), 5 survivors (5120K)
 Metaspace       used 21164K, committed 21504K, reserved 1114112K
  class space    used 2694K, committed 2880K, reserved 1048576K
}
Event: 5.116 GC heap after
{Heap after GC invocations=4 (full 0):
 garbage-first heap   total reserved 2027520K, committed 126976K, used 23657K [0x0000000084400000, 0x0000000100000000)
  region size 1024K, 7 young (7168K), 7 survivors (7168K)
 Metaspace       used 21164K, committed 21504K, reserved 1114112K
  class space    used 2694K, committed 2880K, reserved 1048576K
}
Event: 6.594 GC heap before
{Heap before GC invocations=5 (full 0):
 garbage-first heap   total reserved 2027520K, committed 71680K, used 55401K [0x0000000084400000, 0x0000000100000000)
  region size 1024K, 42 young (43008K), 7 survivors (7168K)
 Metaspace       used 26406K, committed 26816K, reserved 1114112K
  class space    used 3342K, committed 3520K, reserved 1048576K
}
Event: 6.610 GC heap after
{Heap after GC invocations=6 (full 0):
 garbage-first heap   total reserved 2027520K, committed 71680K, used 23422K [0x0000000084400000, 0x0000000100000000)
  region size 1024K, 5 young (5120K), 5 survivors (5120K)
 Metaspace       used 26406K, committed 26816K, reserved 1114112K
  class space    used 3342K, committed 3520K, reserved 1048576K
}
Event: 9.343 GC heap before
{Heap before GC invocations=6 (full 0):
 garbage-first heap   total reserved 2027520K, committed 71680K, used 55166K [0x0000000084400000, 0x0000000100000000)
  region size 1024K, 36 young (36864K), 5 survivors (5120K)
 Metaspace       used 31674K, committed 32064K, reserved 1114112K
  class space    used 4168K, committed 4352K, reserved 1048576K
}
Event: 9.360 GC heap after
{Heap after GC invocations=7 (full 0):
 garbage-first heap   total reserved 2027520K, committed 86016K, used 25243K [0x0000000084400000, 0x0000000100000000)
  region size 1024K, 3 young (3072K), 3 survivors (3072K)
 Metaspace       used 31674K, committed 32064K, reserved 1114112K
  class space    used 4168K, committed 4352K, reserved 1048576K
}
Event: 11.080 GC heap before
{Heap before GC invocations=7 (full 0):
 garbage-first heap   total reserved 2027520K, committed 86016K, used 46747K [0x0000000084400000, 0x0000000100000000)
  region size 1024K, 25 young (25600K), 3 survivors (3072K)
 Metaspace       used 35632K, committed 36096K, reserved 1114112K
  class space    used 4730K, committed 4928K, reserved 1048576K
}
Event: 11.096 GC heap after
{Heap after GC invocations=8 (full 0):
 garbage-first heap   total reserved 2027520K, committed 86016K, used 27828K [0x0000000084400000, 0x0000000100000000)
  region size 1024K, 5 young (5120K), 5 survivors (5120K)
 Metaspace       used 35632K, committed 36096K, reserved 1114112K
  class space    used 4730K, committed 4928K, reserved 1048576K
}
Event: 13.970 GC heap before
{Heap before GC invocations=9 (full 0):
 garbage-first heap   total reserved 2027520K, committed 86016K, used 72884K [0x0000000084400000, 0x0000000100000000)
  region size 1024K, 48 young (49152K), 5 survivors (5120K)
 Metaspace       used 45563K, committed 46144K, reserved 1114112K
  class space    used 6203K, committed 6464K, reserved 1048576K
}
Event: 13.978 GC heap after
{Heap after GC invocations=10 (full 0):
 garbage-first heap   total reserved 2027520K, committed 86016K, used 30911K [0x0000000084400000, 0x0000000100000000)
  region size 1024K, 6 young (6144K), 6 survivors (6144K)
 Metaspace       used 45563K, committed 46144K, reserved 1114112K
  class space    used 6203K, committed 6464K, reserved 1048576K
}
Event: 18.070 GC heap before
{Heap before GC invocations=10 (full 0):
 garbage-first heap   total reserved 2027520K, committed 86016K, used 71871K [0x0000000084400000, 0x0000000100000000)
  region size 1024K, 46 young (47104K), 6 survivors (6144K)
 Metaspace       used 58214K, committed 58816K, reserved 1114112K
  class space    used 7805K, committed 8064K, reserved 1048576K
}
Event: 18.079 GC heap after
{Heap after GC invocations=11 (full 0):
 garbage-first heap   total reserved 2027520K, committed 86016K, used 34425K [0x0000000084400000, 0x0000000100000000)
  region size 1024K, 4 young (4096K), 4 survivors (4096K)
 Metaspace       used 58214K, committed 58816K, reserved 1114112K
  class space    used 7805K, committed 8064K, reserved 1048576K
}
Event: 18.388 GC heap before
{Heap before GC invocations=11 (full 0):
 garbage-first heap   total reserved 2027520K, committed 86016K, used 35449K [0x0000000084400000, 0x0000000100000000)
  region size 1024K, 7 young (7168K), 4 survivors (4096K)
 Metaspace       used 59708K, committed 60288K, reserved 1114112K
  class space    used 8115K, committed 8384K, reserved 1048576K
}
Event: 18.392 GC heap after
{Heap after GC invocations=12 (full 0):
 garbage-first heap   total reserved 2027520K, committed 86016K, used 34761K [0x0000000084400000, 0x0000000100000000)
  region size 1024K, 1 young (1024K), 1 survivors (1024K)
 Metaspace       used 59708K, committed 60288K, reserved 1114112K
  class space    used 8115K, committed 8384K, reserved 1048576K
}
Event: 23.150 GC heap before
{Heap before GC invocations=13 (full 0):
 garbage-first heap   total reserved 2027520K, committed 86016K, used 74697K [0x0000000084400000, 0x0000000100000000)
  region size 1024K, 40 young (40960K), 1 survivors (1024K)
 Metaspace       used 67889K, committed 68608K, reserved 1114112K
  class space    used 9403K, committed 9728K, reserved 1048576K
}
Event: 23.155 GC heap after
{Heap after GC invocations=14 (full 0):
 garbage-first heap   total reserved 2027520K, committed 86016K, used 36904K [0x0000000084400000, 0x0000000100000000)
  region size 1024K, 3 young (3072K), 3 survivors (3072K)
 Metaspace       used 67889K, committed 68608K, reserved 1114112K
  class space    used 9403K, committed 9728K, reserved 1048576K
}

