# JRE version: OpenJDK Runtime Environment Corretto-22.0.2.9.1 (22.0.2+9) (build 22.0.2+9-FR)
# Java VM: OpenJDK 64-Bit Server VM Corretto-22.0.2.9.1 (22.0.2+9-FR, mixed mode, sharing, tiered, compressed oops, compressed class ptrs, g1 gc, windows-amd64)
GC Precious Log:
 CardTable entry size: 512
 Card Set container configuration: InlinePtr #cards 5 size 8 Array Of Cards #cards 12 size 40 Howl #buckets 4 coarsen threshold 1843 Howl Bitmap #cards 512 size 80 coarsen threshold 460 Card regions per heap region 1 cards per card region 2048
 CPUs: 8 total, 8 available
 Memory: 7916M
 Large Page Support: Disabled
 NUMA Support: Disabled
 Compressed Oops: Enabled (32-bit)
 Heap Region Size: 1M
 Heap Min Capacity: 8M
 Heap Initial Capacity: 124M
 Heap Max Capacity: 1980M
 Pre-touch: Disabled
 Parallel Workers: 8
 Concurrent Workers: 2
 Concurrent Refinement Workers: 8
 Periodic GC: Disabled
Heap:
 garbage-first heap   total reserved 2027520K, committed 65536K, used 46674K [0x0000000084400000, 0x0000000100000000)
  region size 1024K, 11 young (11264K), 3 survivors (3072K)
 Metaspace       used 80648K, committed 81344K, reserved 1179648K
  class space    used 11472K, committed 11776K, reserved 1048576K
GC Heap History (20 events):
Event: 23.621 GC heap before
{Heap before GC invocations=14 (full 0):
 garbage-first heap   total reserved 2027520K, committed 55296K, used 48025K [0x0000000084400000, 0x0000000100000000)
  region size 1024K, 22 young (22528K), 2 survivors (2048K)
 Metaspace       used 64687K, committed 65344K, reserved 1114112K
  class space    used 8994K, committed 9280K, reserved 1048576K
}
Event: 23.629 GC heap after
{Heap after GC invocations=15 (full 0):
 garbage-first heap   total reserved 2027520K, committed 55296K, used 29481K [0x0000000084400000, 0x0000000100000000)
  region size 1024K, 2 young (2048K), 2 survivors (2048K)
 Metaspace       used 64687K, committed 65344K, reserved 1114112K
  class space    used 8994K, committed 9280K, reserved 1048576K
}
Event: 24.918 GC heap before
{Heap before GC invocations=15 (full 0):
 garbage-first heap   total reserved 2027520K, committed 55296K, used 47913K [0x0000000084400000, 0x0000000100000000)
  region size 1024K, 20 young (20480K), 2 survivors (2048K)
 Metaspace       used 68508K, committed 69120K, reserved 1114112K
  class space    used 9490K, committed 9728K, reserved 1048576K
}
Event: 24.932 GC heap after
{Heap after GC invocations=16 (full 0):
 garbage-first heap   total reserved 2027520K, committed 55296K, used 30718K [0x0000000084400000, 0x0000000100000000)
  region size 1024K, 3 young (3072K), 3 survivors (3072K)
 Metaspace       used 68508K, committed 69120K, reserved 1114112K
  class space    used 9490K, committed 9728K, reserved 1048576K
}
Event: 25.788 GC heap before
{Heap before GC invocations=16 (full 0):
 garbage-first heap   total reserved 2027520K, committed 55296K, used 48126K [0x0000000084400000, 0x0000000100000000)
  region size 1024K, 20 young (20480K), 3 survivors (3072K)
 Metaspace       used 70792K, committed 71424K, reserved 1114112K
  class space    used 9950K, committed 10240K, reserved 1048576K
}
Event: 25.801 GC heap after
{Heap after GC invocations=17 (full 0):
 garbage-first heap   total reserved 2027520K, committed 55296K, used 32035K [0x0000000084400000, 0x0000000100000000)
  region size 1024K, 3 young (3072K), 3 survivors (3072K)
 Metaspace       used 70792K, committed 71424K, reserved 1114112K
  class space    used 9950K, committed 10240K, reserved 1048576K
}
Event: 26.530 GC heap before
{Heap before GC invocations=18 (full 0):
 garbage-first heap   total reserved 2027520K, committed 55296K, used 46371K [0x0000000084400000, 0x0000000100000000)
  region size 1024K, 18 young (18432K), 3 survivors (3072K)
 Metaspace       used 72453K, committed 73024K, reserved 1114112K
  class space    used 10332K, committed 10560K, reserved 1048576K
}
Event: 26.545 GC heap after
{Heap after GC invocations=19 (full 0):
 garbage-first heap   total reserved 2027520K, committed 55296K, used 34543K [0x0000000084400000, 0x0000000100000000)
  region size 1024K, 3 young (3072K), 3 survivors (3072K)
 Metaspace       used 72453K, committed 73024K, reserved 1114112K
  class space    used 10332K, committed 10560K, reserved 1048576K
}
Event: 26.598 GC heap before
{Heap before GC invocations=19 (full 0):
 garbage-first heap   total reserved 2027520K, committed 55296K, used 47855K [0x0000000084400000, 0x0000000100000000)
  region size 1024K, 16 young (16384K), 3 survivors (3072K)
 Metaspace       used 72458K, committed 73024K, reserved 1114112K
  class space    used 10332K, committed 10560K, reserved 1048576K
}
Event: 26.608 GC heap after
{Heap after GC invocations=20 (full 0):
 garbage-first heap   total reserved 2027520K, committed 55296K, used 34758K [0x0000000084400000, 0x0000000100000000)
  region size 1024K, 1 young (1024K), 1 survivors (1024K)
 Metaspace       used 72458K, committed 73024K, reserved 1114112K
  class space    used 10332K, committed 10560K, reserved 1048576K
}
Event: 26.885 GC heap before
{Heap before GC invocations=20 (full 0):
 garbage-first heap   total reserved 2027520K, committed 55296K, used 48070K [0x0000000084400000, 0x0000000100000000)
  region size 1024K, 15 young (15360K), 1 survivors (1024K)
 Metaspace       used 73821K, committed 74432K, reserved 1114112K
  class space    used 10501K, committed 10752K, reserved 1048576K
}
Event: 26.888 GC heap after
{Heap after GC invocations=21 (full 0):
 garbage-first heap   total reserved 2027520K, committed 55296K, used 35041K [0x0000000084400000, 0x0000000100000000)
  region size 1024K, 1 young (1024K), 1 survivors (1024K)
 Metaspace       used 73821K, committed 74432K, reserved 1114112K
  class space    used 10501K, committed 10752K, reserved 1048576K
}
Event: 27.518 GC heap before
{Heap before GC invocations=22 (full 0):
 garbage-first heap   total reserved 2027520K, committed 60416K, used 49377K [0x0000000084400000, 0x0000000100000000)
  region size 1024K, 15 young (15360K), 1 survivors (1024K)
 Metaspace       used 74688K, committed 75328K, reserved 1114112K
  class space    used 10651K, committed 10944K, reserved 1048576K
}
Event: 27.520 GC heap after
{Heap after GC invocations=23 (full 0):
 garbage-first heap   total reserved 2027520K, committed 60416K, used 36035K [0x0000000084400000, 0x0000000100000000)
  region size 1024K, 2 young (2048K), 2 survivors (2048K)
 Metaspace       used 74688K, committed 75328K, reserved 1114112K
  class space    used 10651K, committed 10944K, reserved 1048576K
}
Event: 29.060 GC heap before
{Heap before GC invocations=23 (full 0):
 garbage-first heap   total reserved 2027520K, committed 60416K, used 53443K [0x0000000084400000, 0x0000000100000000)
  region size 1024K, 19 young (19456K), 2 survivors (2048K)
 Metaspace       used 76240K, committed 76928K, reserved 1179648K
  class space    used 10854K, committed 11200K, reserved 1048576K
}
Event: 29.064 GC heap after
{Heap after GC invocations=24 (full 0):
 garbage-first heap   total reserved 2027520K, committed 60416K, used 37273K [0x0000000084400000, 0x0000000100000000)
  region size 1024K, 3 young (3072K), 3 survivors (3072K)
 Metaspace       used 76240K, committed 76928K, reserved 1179648K
  class space    used 10854K, committed 11200K, reserved 1048576K
}
Event: 29.917 GC heap before
{Heap before GC invocations=24 (full 0):
 garbage-first heap   total reserved 2027520K, committed 60416K, used 52633K [0x0000000084400000, 0x0000000100000000)
  region size 1024K, 18 young (18432K), 3 survivors (3072K)
 Metaspace       used 77627K, committed 78336K, reserved 1179648K
  class space    used 11081K, committed 11392K, reserved 1048576K
}
Event: 29.924 GC heap after
{Heap after GC invocations=25 (full 0):
 garbage-first heap   total reserved 2027520K, committed 60416K, used 38433K [0x0000000084400000, 0x0000000100000000)
  region size 1024K, 3 young (3072K), 3 survivors (3072K)
 Metaspace       used 77627K, committed 78336K, reserved 1179648K
  class space    used 11081K, committed 11392K, reserved 1048576K
}
Event: 31.604 GC heap before
{Heap before GC invocations=26 (full 0):
 garbage-first heap   total reserved 2027520K, committed 65536K, used 52769K [0x0000000084400000, 0x0000000100000000)
  region size 1024K, 17 young (17408K), 3 survivors (3072K)
 Metaspace       used 79108K, committed 79872K, reserved 1179648K
  class space    used 11291K, committed 11648K, reserved 1048576K
}
Event: 31.610 GC heap after
{Heap after GC invocations=27 (full 0):
 garbage-first heap   total reserved 2027520K, committed 65536K, used 39506K [0x0000000084400000, 0x0000000100000000)
  region size 1024K, 3 young (3072K), 3 survivors (3072K)
 Metaspace       used 79108K, committed 79872K, reserved 1179648K
  class space    used 11291K, committed 11648K, reserved 1048576K
}

